
2019-03-12 15:13:40,339 bwm_caps.py[line:34] INFO Start APP.
2019-03-12 15:13:58,554 baseView.py[line:23] INFO b'Find element by accessibility id: 1'
2019-03-12 15:13:58,725 baseView.py[line:48] INFO b'Click element by accessibility id: 1'
2019-03-12 15:13:59,899 baseView.py[line:23] INFO b'Find element by accessibility id: 2'
2019-03-12 15:14:00,097 baseView.py[line:48] INFO b'Click element by accessibility id: 2'
2019-03-12 15:14:01,258 baseView.py[line:23] INFO b'Find element by accessibility id: 3'
2019-03-12 15:14:01,441 baseView.py[line:48] INFO b'Click element by accessibility id: 3'
2019-03-12 15:14:02,571 baseView.py[line:23] INFO b'Find element by accessibility id: 4'
2019-03-12 15:14:02,747 baseView.py[line:48] INFO b'Click element by accessibility id: 4'
2019-03-12 15:14:03,900 baseView.py[line:23] INFO b'Find element by accessibility id: \xe7\x9b\xae\xe7\x9a\x84\xe5\x9c\xb0'
2019-03-12 15:14:06,333 baseView.py[line:48] INFO b'Click element by accessibility id: \xe7\x9b\xae\xe7\x9a\x84\xe5\x9c\xb0'
2019-03-12 15:14:07,574 baseView.py[line:23] INFO b'Find element by accessibility id: \xe6\x82\xa8\xe8\xa6\x81\xe5\x8e\xbb\xe5\x93\xaa\xef\xbc\x9f'
2019-03-12 15:14:10,821 baseView.py[line:48] INFO b'Click element by accessibility id: \xe6\x82\xa8\xe8\xa6\x81\xe5\x8e\xbb\xe5\x93\xaa\xef\xbc\x9f'
2019-03-12 15:14:13,422 baseView.py[line:23] INFO b'Find element by accessibility id: \xe5\x8a\xa0\xe6\xb2\xb9\xe7\xab\x99'
2019-03-12 15:14:15,092 baseView.py[line:48] INFO b'Click element by accessibility id: \xe5\x8a\xa0\xe6\xb2\xb9\xe7\xab\x99'
2019-03-12 15:14:21,323 baseView.py[line:23] INFO b'Find element by accessibility id: GeneralIconDrawer'
2019-03-12 15:14:29,545 baseView.py[line:36] INFO b"Find elements by -ios predicate string: name=='Destination Index'"
2019-03-12 15:14:30,360 baseView.py[line:36] INFO b"Find elements by -ios predicate string: name=='Destination Index'"
2019-03-12 15:14:36,638 baseView.py[line:23] INFO b'Find element by accessibility id: Start Trip Button'
2019-03-12 15:14:38,642 baseView.py[line:48] INFO b'Click element by accessibility id: Start Trip Button'
2019-03-12 15:14:40,660 baseView.py[line:23] INFO b'Find element by accessibility id: \xe6\xb4\xbb\xe5\x8a\xa8'
2019-03-12 15:14:41,758 baseView.py[line:48] INFO b'Click element by accessibility id: \xe6\xb4\xbb\xe5\x8a\xa8'
2019-03-12 15:14:45,569 baseView.py[line:23] INFO b'Find element by accessibility id: Connect to USB Prompt'
2019-03-12 15:14:47,350 baseView.py[line:23] INFO b'Find element by accessibility id: Toggle Trip Button'
2019-03-12 15:14:47,685 baseView.py[line:48] INFO b'Click element by accessibility id: Toggle Trip Button'
2019-03-12 15:14:51,265 bwm_caps.py[line:34] INFO Start APP.
2019-03-12 15:14:57,474 baseView.py[line:23] INFO b'Find element by accessibility id: 1'
2019-03-12 15:14:57,739 baseView.py[line:48] INFO b'Click element by accessibility id: 1'
2019-03-12 15:14:58,998 baseView.py[line:23] INFO b'Find element by accessibility id: 2'
2019-03-12 15:14:59,225 baseView.py[line:48] INFO b'Click element by accessibility id: 2'
2019-03-12 15:15:00,420 baseView.py[line:23] INFO b'Find element by accessibility id: 3'
2019-03-12 15:15:00,595 baseView.py[line:48] INFO b'Click element by accessibility id: 3'
2019-03-12 15:15:01,781 baseView.py[line:23] INFO b'Find element by accessibility id: 4'
2019-03-12 15:15:01,973 baseView.py[line:48] INFO b'Click element by accessibility id: 4'
2019-03-12 15:15:03,097 baseView.py[line:23] INFO b'Find element by accessibility id: \xe6\x9b\xb4\xe5\xa4\x9a'
2019-03-12 15:15:05,142 baseView.py[line:48] INFO b'Click element by accessibility id: \xe6\x9b\xb4\xe5\xa4\x9a'
2019-03-12 15:21:02,088 bwm_caps.py[line:34] INFO Start APP.
2019-03-12 15:21:07,136 baseView.py[line:23] INFO b'Find element by accessibility id: 1'
2019-03-12 15:21:17,198 baseView.py[line:32] ERROR Time out to find element: 1
2019-03-12 15:21:18,975 bwm_caps.py[line:34] INFO Start APP.
2019-03-12 15:21:24,839 baseView.py[line:23] INFO b'Find element by accessibility id: 1'
2019-03-12 15:21:25,325 baseView.py[line:48] INFO b'Click element by accessibility id: 1'
2019-03-12 15:21:26,618 baseView.py[line:23] INFO b'Find element by accessibility id: 2'
2019-03-12 15:21:26,959 baseView.py[line:48] INFO b'Click element by accessibility id: 2'
2019-03-12 15:21:28,213 baseView.py[line:23] INFO b'Find element by accessibility id: 3'
2019-03-12 15:21:28,409 baseView.py[line:48] INFO b'Click element by accessibility id: 3'
2019-03-12 15:21:29,618 baseView.py[line:23] INFO b'Find element by accessibility id: 4'
2019-03-12 15:21:29,803 baseView.py[line:48] INFO b'Click element by accessibility id: 4'
2019-03-12 15:21:30,956 baseView.py[line:23] INFO b'Find element by accessibility id: \xe6\x9b\xb4\xe5\xa4\x9a'
2019-03-12 15:21:33,578 baseView.py[line:48] INFO b'Click element by accessibility id: \xe6\x9b\xb4\xe5\xa4\x9a'
2019-03-12 15:23:55,002 bwm_caps.py[line:34] INFO Start APP.
2019-03-12 15:24:01,264 baseView.py[line:23] INFO b'Find element by accessibility id: 1'
2019-03-12 15:24:01,444 baseView.py[line:48] INFO b'Click element by accessibility id: 1'
2019-03-12 15:24:02,975 baseView.py[line:23] INFO b'Find element by accessibility id: 2'
2019-03-12 15:24:03,586 baseView.py[line:48] INFO b'Click element by accessibility id: 2'
2019-03-12 15:24:04,916 baseView.py[line:23] INFO b'Find element by accessibility id: 3'
2019-03-12 15:24:05,123 baseView.py[line:48] INFO b'Click element by accessibility id: 3'
2019-03-12 15:24:06,426 baseView.py[line:23] INFO b'Find element by accessibility id: 4'
2019-03-12 15:24:06,630 baseView.py[line:48] INFO b'Click element by accessibility id: 4'
2019-03-12 15:24:07,911 baseView.py[line:23] INFO b'Find element by accessibility id: \xe7\x9b\xae\xe7\x9a\x84\xe5\x9c\xb0'
2019-03-12 15:24:10,608 baseView.py[line:48] INFO b'Click element by accessibility id: \xe7\x9b\xae\xe7\x9a\x84\xe5\x9c\xb0'
2019-03-12 15:24:11,891 baseView.py[line:23] INFO b'Find element by accessibility id: \xe6\x82\xa8\xe8\xa6\x81\xe5\x8e\xbb\xe5\x93\xaa\xef\xbc\x9f'
2019-03-12 15:24:14,442 baseView.py[line:48] INFO b'Click element by accessibility id: \xe6\x82\xa8\xe8\xa6\x81\xe5\x8e\xbb\xe5\x93\xaa\xef\xbc\x9f'
2019-03-12 15:24:16,929 baseView.py[line:23] INFO b'Find element by accessibility id: \xe5\x8a\xa0\xe6\xb2\xb9\xe7\xab\x99'
2019-03-12 15:24:18,403 baseView.py[line:48] INFO b'Click element by accessibility id: \xe5\x8a\xa0\xe6\xb2\xb9\xe7\xab\x99'
2019-03-12 15:24:24,441 baseView.py[line:23] INFO b'Find element by accessibility id: GeneralIconDrawer'
2019-03-12 15:24:28,944 baseView.py[line:36] INFO b"Find elements by -ios predicate string: name=='Destination Index'"
2019-03-12 15:24:40,969 bwm_caps.py[line:34] INFO Start APP.
2019-03-12 15:24:46,945 baseView.py[line:23] INFO b'Find element by accessibility id: 1'
2019-03-12 15:24:47,204 baseView.py[line:48] INFO b'Click element by accessibility id: 1'
2019-03-12 15:24:48,981 baseView.py[line:23] INFO b'Find element by accessibility id: 2'
2019-03-12 15:24:49,445 baseView.py[line:48] INFO b'Click element by accessibility id: 2'
2019-03-12 15:24:50,760 baseView.py[line:23] INFO b'Find element by accessibility id: 3'
2019-03-12 15:24:50,973 baseView.py[line:48] INFO b'Click element by accessibility id: 3'
2019-03-12 15:24:52,233 baseView.py[line:23] INFO b'Find element by accessibility id: 4'
2019-03-12 15:24:52,433 baseView.py[line:48] INFO b'Click element by accessibility id: 4'
2019-03-12 15:24:53,703 baseView.py[line:23] INFO b'Find element by accessibility id: \xe6\x9b\xb4\xe5\xa4\x9a'
2019-03-12 15:24:56,146 baseView.py[line:48] INFO b'Click element by accessibility id: \xe6\x9b\xb4\xe5\xa4\x9a'
2019-03-12 15:40:05,710 bwm_caps.py[line:34] INFO Start APP.
2019-03-12 15:40:13,379 baseView.py[line:23] INFO b'Find element by accessibility id: 1'
2019-03-12 15:40:13,852 baseView.py[line:48] INFO b'Click element by accessibility id: 1'
2019-03-12 15:40:15,246 baseView.py[line:23] INFO b'Find element by accessibility id: 2'
2019-03-12 15:40:15,724 baseView.py[line:48] INFO b'Click element by accessibility id: 2'
2019-03-12 15:40:17,162 baseView.py[line:23] INFO b'Find element by accessibility id: 3'
2019-03-12 15:40:17,391 baseView.py[line:48] INFO b'Click element by accessibility id: 3'
2019-03-12 15:40:18,684 baseView.py[line:23] INFO b'Find element by accessibility id: 4'
2019-03-12 15:40:18,876 baseView.py[line:48] INFO b'Click element by accessibility id: 4'
2019-03-12 15:40:20,160 baseView.py[line:23] INFO b'Find element by accessibility id: \xe7\x9b\xae\xe7\x9a\x84\xe5\x9c\xb0'
2019-03-12 15:40:22,856 baseView.py[line:48] INFO b'Click element by accessibility id: \xe7\x9b\xae\xe7\x9a\x84\xe5\x9c\xb0'
2019-03-12 15:40:24,372 baseView.py[line:23] INFO b'Find element by accessibility id: \xe6\x82\xa8\xe8\xa6\x81\xe5\x8e\xbb\xe5\x93\xaa\xef\xbc\x9f'
2019-03-12 15:40:26,462 baseView.py[line:48] INFO b'Click element by accessibility id: \xe6\x82\xa8\xe8\xa6\x81\xe5\x8e\xbb\xe5\x93\xaa\xef\xbc\x9f'
2019-03-12 15:40:29,176 baseView.py[line:23] INFO b'Find element by accessibility id: \xe5\x8a\xa0\xe6\xb2\xb9\xe7\xab\x99'
2019-03-12 15:40:30,574 baseView.py[line:48] INFO b'Click element by accessibility id: \xe5\x8a\xa0\xe6\xb2\xb9\xe7\xab\x99'
2019-03-12 15:40:36,685 baseView.py[line:23] INFO b'Find element by accessibility id: GeneralIconDrawer'
2019-03-12 15:40:44,746 baseView.py[line:36] INFO b"Find elements by -ios predicate string: name=='Destination Index'"
2019-03-12 15:40:45,603 baseView.py[line:36] INFO b"Find elements by -ios predicate string: name=='Destination Index'"
2019-03-12 15:40:51,723 baseView.py[line:23] INFO b'Find element by accessibility id: Start Trip Button'
2019-03-12 15:40:53,945 baseView.py[line:48] INFO b'Click element by accessibility id: Start Trip Button'
2019-03-12 15:40:56,159 baseView.py[line:23] INFO b'Find element by accessibility id: \xe6\xb4\xbb\xe5\x8a\xa8'
2019-03-12 15:40:57,168 baseView.py[line:48] INFO b'Click element by accessibility id: \xe6\xb4\xbb\xe5\x8a\xa8'
2019-03-12 15:41:01,087 baseView.py[line:23] INFO b'Find element by accessibility id: Connect to USB Prompt'
2019-03-12 15:41:03,152 baseView.py[line:23] INFO b'Find element by accessibility id: Toggle Trip Button'
2019-03-12 15:41:03,518 baseView.py[line:48] INFO b'Click element by accessibility id: Toggle Trip Button'
2019-03-12 15:41:07,263 bwm_caps.py[line:34] INFO Start APP.
2019-03-12 15:41:13,752 baseView.py[line:23] INFO b'Find element by accessibility id: 1'
2019-03-12 15:41:14,058 baseView.py[line:48] INFO b'Click element by accessibility id: 1'
2019-03-12 15:41:15,501 baseView.py[line:23] INFO b'Find element by accessibility id: 2'
2019-03-12 15:41:16,167 baseView.py[line:48] INFO b'Click element by accessibility id: 2'
2019-03-12 15:41:17,569 baseView.py[line:23] INFO b'Find element by accessibility id: 3'
2019-03-12 15:41:18,258 baseView.py[line:48] INFO b'Click element by accessibility id: 3'
2019-03-12 15:41:19,683 baseView.py[line:23] INFO b'Find element by accessibility id: 4'
2019-03-12 15:41:19,872 baseView.py[line:48] INFO b'Click element by accessibility id: 4'
2019-03-12 15:41:21,123 baseView.py[line:23] INFO b'Find element by accessibility id: \xe6\x9b\xb4\xe5\xa4\x9a'
2019-03-12 15:41:23,612 baseView.py[line:48] INFO b'Click element by accessibility id: \xe6\x9b\xb4\xe5\xa4\x9a'
2019-03-12 15:49:37,410 bwm_caps.py[line:34] INFO Start APP.
2019-03-12 15:49:44,957 baseView.py[line:23] INFO b'Find element by accessibility id: 1'
2019-03-12 15:49:45,667 baseView.py[line:48] INFO b'Click element by accessibility id: 1'
2019-03-12 15:49:47,713 baseView.py[line:23] INFO b'Find element by accessibility id: 2'
2019-03-12 15:49:48,618 baseView.py[line:48] INFO b'Click element by accessibility id: 2'
2019-03-12 15:49:50,012 baseView.py[line:23] INFO b'Find element by accessibility id: 3'
2019-03-12 15:49:50,233 baseView.py[line:48] INFO b'Click element by accessibility id: 3'
2019-03-12 15:49:51,492 baseView.py[line:23] INFO b'Find element by accessibility id: 4'
2019-03-12 15:49:51,715 baseView.py[line:48] INFO b'Click element by accessibility id: 4'
2019-03-12 15:49:53,031 baseView.py[line:23] INFO b'Find element by accessibility id: \xe7\x9b\xae\xe7\x9a\x84\xe5\x9c\xb0'
2019-03-12 15:49:55,843 baseView.py[line:48] INFO b'Click element by accessibility id: \xe7\x9b\xae\xe7\x9a\x84\xe5\x9c\xb0'
2019-03-12 15:49:57,152 baseView.py[line:23] INFO b'Find element by accessibility id: \xe6\x82\xa8\xe8\xa6\x81\xe5\x8e\xbb\xe5\x93\xaa\xef\xbc\x9f'
2019-03-12 15:49:59,430 baseView.py[line:48] INFO b'Click element by accessibility id: \xe6\x82\xa8\xe8\xa6\x81\xe5\x8e\xbb\xe5\x93\xaa\xef\xbc\x9f'
2019-03-12 15:50:02,306 baseView.py[line:23] INFO b'Find element by accessibility id: \xe5\x8a\xa0\xe6\xb2\xb9\xe7\xab\x99'
2019-03-12 15:50:03,676 baseView.py[line:48] INFO b'Click element by accessibility id: \xe5\x8a\xa0\xe6\xb2\xb9\xe7\xab\x99'
2019-03-12 15:50:09,803 baseView.py[line:23] INFO b'Find element by accessibility id: GeneralIconDrawer'
2019-03-12 15:50:18,164 baseView.py[line:36] INFO b"Find elements by -ios predicate string: name=='Destination Index'"
2019-03-12 15:50:19,053 baseView.py[line:36] INFO b"Find elements by -ios predicate string: name=='Destination Index'"
2019-03-12 15:54:25,764 bwm_caps.py[line:34] INFO Start APP.
2019-03-12 15:54:34,963 baseView.py[line:23] INFO b'Find element by accessibility id: 1'
2019-03-12 15:54:36,030 baseView.py[line:48] INFO b'Click element by accessibility id: 1'
2019-03-12 15:54:38,073 baseView.py[line:23] INFO b'Find element by accessibility id: 2'
2019-03-12 15:54:39,077 baseView.py[line:48] INFO b'Click element by accessibility id: 2'
2019-03-12 15:54:40,809 baseView.py[line:23] INFO b'Find element by accessibility id: 3'
2019-03-12 15:54:41,055 baseView.py[line:48] INFO b'Click element by accessibility id: 3'
2019-03-12 15:54:42,381 baseView.py[line:23] INFO b'Find element by accessibility id: 4'
2019-03-12 15:54:42,634 baseView.py[line:48] INFO b'Click element by accessibility id: 4'
2019-03-12 15:54:44,020 baseView.py[line:23] INFO b'Find element by accessibility id: \xe7\x9b\xae\xe7\x9a\x84\xe5\x9c\xb0'
2019-03-12 15:54:48,930 baseView.py[line:48] INFO b'Click element by accessibility id: \xe7\x9b\xae\xe7\x9a\x84\xe5\x9c\xb0'
2019-03-12 15:54:51,827 baseView.py[line:23] INFO b'Find element by accessibility id: \xe6\x82\xa8\xe8\xa6\x81\xe5\x8e\xbb\xe5\x93\xaa\xef\xbc\x9f'
2019-03-12 15:54:52,216 baseView.py[line:48] INFO b'Click element by accessibility id: \xe6\x82\xa8\xe8\xa6\x81\xe5\x8e\xbb\xe5\x93\xaa\xef\xbc\x9f'
2019-03-12 15:54:54,723 baseView.py[line:23] INFO b'Find element by accessibility id: \xe5\x8a\xa0\xe6\xb2\xb9\xe7\xab\x99'
2019-03-12 15:54:56,098 baseView.py[line:48] INFO b'Click element by accessibility id: \xe5\x8a\xa0\xe6\xb2\xb9\xe7\xab\x99'
2019-03-12 15:55:02,508 baseView.py[line:23] INFO b'Find element by accessibility id: GeneralIconDrawer'
2019-03-12 15:55:10,799 baseView.py[line:36] INFO b"Find elements by -ios predicate string: name=='Destination Index'"
2019-03-12 15:55:11,944 baseView.py[line:36] INFO b"Find elements by -ios predicate string: name=='Destination Index'"
2019-03-12 15:55:18,982 baseView.py[line:23] INFO b'Find element by accessibility id: Start Trip Button'
2019-03-12 15:55:21,083 baseView.py[line:48] INFO b'Click element by accessibility id: Start Trip Button'
2019-03-12 15:55:23,489 baseView.py[line:23] INFO b'Find element by accessibility id: \xe6\xb4\xbb\xe5\x8a\xa8'
2019-03-12 15:55:24,460 baseView.py[line:48] INFO b'Click element by accessibility id: \xe6\xb4\xbb\xe5\x8a\xa8'
2019-03-12 15:55:28,407 baseView.py[line:23] INFO b'Find element by accessibility id: Connect to USB Prompt'
2019-03-12 15:55:30,499 baseView.py[line:23] INFO b'Find element by accessibility id: Toggle Trip Button'
2019-03-12 15:55:30,809 baseView.py[line:48] INFO b'Click element by accessibility id: Toggle Trip Button'
2019-03-12 15:55:34,415 bwm_caps.py[line:34] INFO Start APP.
2019-03-12 15:55:41,400 baseView.py[line:23] INFO b'Find element by accessibility id: 1'
2019-03-12 15:55:41,593 baseView.py[line:48] INFO b'Click element by accessibility id: 1'
2019-03-12 15:55:43,056 baseView.py[line:23] INFO b'Find element by accessibility id: 2'
2019-03-12 15:55:44,081 baseView.py[line:48] INFO b'Click element by accessibility id: 2'
2019-03-12 15:55:45,959 baseView.py[line:23] INFO b'Find element by accessibility id: 3'
2019-03-12 15:55:46,950 baseView.py[line:48] INFO b'Click element by accessibility id: 3'
2019-03-12 15:55:48,753 baseView.py[line:23] INFO b'Find element by accessibility id: 4'
2019-03-12 15:55:49,006 baseView.py[line:48] INFO b'Click element by accessibility id: 4'
2019-03-12 15:55:50,504 baseView.py[line:23] INFO b'Find element by accessibility id: \xe6\x9b\xb4\xe5\xa4\x9a'
2019-03-12 15:55:55,279 baseView.py[line:48] INFO b'Click element by accessibility id: \xe6\x9b\xb4\xe5\xa4\x9a'
2019-03-12 15:56:59,572 bwm_caps.py[line:34] INFO Start APP.
2019-03-12 15:57:07,712 baseView.py[line:23] INFO b'Find element by accessibility id: 1'
2019-03-12 15:57:08,767 baseView.py[line:48] INFO b'Click element by accessibility id: 1'
2019-03-12 15:57:10,841 baseView.py[line:23] INFO b'Find element by accessibility id: 2'
2019-03-12 15:57:12,211 baseView.py[line:48] INFO b'Click element by accessibility id: 2'
2019-03-12 15:57:14,360 baseView.py[line:23] INFO b'Find element by accessibility id: 3'
2019-03-12 15:57:14,715 baseView.py[line:48] INFO b'Click element by accessibility id: 3'
2019-03-12 15:57:16,080 baseView.py[line:23] INFO b'Find element by accessibility id: 4'
2019-03-12 15:57:16,447 baseView.py[line:48] INFO b'Click element by accessibility id: 4'
2019-03-12 15:57:18,473 baseView.py[line:23] INFO b'Find element by accessibility id: \xe7\x9b\xae\xe7\x9a\x84\xe5\x9c\xb0'
2019-03-12 15:57:22,806 baseView.py[line:48] INFO b'Click element by accessibility id: \xe7\x9b\xae\xe7\x9a\x84\xe5\x9c\xb0'
2019-03-12 15:57:25,823 baseView.py[line:23] INFO b'Find element by accessibility id: \xe6\x82\xa8\xe8\xa6\x81\xe5\x8e\xbb\xe5\x93\xaa\xef\xbc\x9f'
2019-03-12 15:57:26,315 baseView.py[line:48] INFO b'Click element by accessibility id: \xe6\x82\xa8\xe8\xa6\x81\xe5\x8e\xbb\xe5\x93\xaa\xef\xbc\x9f'
2019-03-12 15:57:28,864 baseView.py[line:23] INFO b'Find element by accessibility id: \xe5\x8a\xa0\xe6\xb2\xb9\xe7\xab\x99'
2019-03-12 15:57:30,146 baseView.py[line:48] INFO b'Click element by accessibility id: \xe5\x8a\xa0\xe6\xb2\xb9\xe7\xab\x99'
2019-03-12 15:57:36,304 baseView.py[line:23] INFO b'Find element by accessibility id: GeneralIconDrawer'
2019-03-12 15:57:45,245 baseView.py[line:36] INFO b"Find elements by -ios predicate string: name=='Destination Index'"
2019-03-12 15:57:46,199 baseView.py[line:36] INFO b"Find elements by -ios predicate string: name=='Destination Index'"
2019-03-12 15:57:55,281 baseView.py[line:36] INFO b"Find elements by -ios predicate string: name=='Destination Index'"
2019-03-12 15:58:06,911 bwm_caps.py[line:34] INFO Start APP.
2019-03-12 15:58:14,545 baseView.py[line:23] INFO b'Find element by accessibility id: 1'
2019-03-12 15:58:15,535 baseView.py[line:48] INFO b'Click element by accessibility id: 1'
2019-03-12 15:58:17,961 baseView.py[line:23] INFO b'Find element by accessibility id: 2'
2019-03-12 15:58:19,264 baseView.py[line:48] INFO b'Click element by accessibility id: 2'
2019-03-12 15:58:21,493 baseView.py[line:23] INFO b'Find element by accessibility id: 3'
2019-03-12 15:58:22,656 baseView.py[line:48] INFO b'Click element by accessibility id: 3'
2019-03-12 15:58:24,495 baseView.py[line:23] INFO b'Find element by accessibility id: 4'
2019-03-12 15:58:24,750 baseView.py[line:48] INFO b'Click element by accessibility id: 4'
2019-03-12 15:58:26,204 baseView.py[line:23] INFO b'Find element by accessibility id: \xe6\x9b\xb4\xe5\xa4\x9a'
2019-03-12 15:58:30,717 baseView.py[line:48] INFO b'Click element by accessibility id: \xe6\x9b\xb4\xe5\xa4\x9a'
2019-03-12 16:09:36,904 bwm_caps.py[line:34] INFO Start APP.
2019-03-12 16:09:45,393 baseView.py[line:23] INFO b'Find element by accessibility id: 1'
2019-03-12 16:09:45,960 baseView.py[line:48] INFO b'Click element by accessibility id: 1'
2019-03-12 16:09:48,153 baseView.py[line:23] INFO b'Find element by accessibility id: 2'
2019-03-12 16:09:49,345 baseView.py[line:48] INFO b'Click element by accessibility id: 2'
2019-03-12 16:09:51,662 baseView.py[line:23] INFO b'Find element by accessibility id: 3'
2019-03-12 16:09:53,000 baseView.py[line:48] INFO b'Click element by accessibility id: 3'
2019-03-12 16:09:55,303 baseView.py[line:23] INFO b'Find element by accessibility id: 4'
2019-03-12 16:09:55,578 baseView.py[line:48] INFO b'Click element by accessibility id: 4'
2019-03-12 16:09:57,001 baseView.py[line:23] INFO b'Find element by accessibility id: \xe7\x9b\xae\xe7\x9a\x84\xe5\x9c\xb0'
2019-03-12 16:10:01,745 baseView.py[line:48] INFO b'Click element by accessibility id: \xe7\x9b\xae\xe7\x9a\x84\xe5\x9c\xb0'
2019-03-12 16:10:04,786 baseView.py[line:23] INFO b'Find element by accessibility id: \xe6\x82\xa8\xe8\xa6\x81\xe5\x8e\xbb\xe5\x93\xaa\xef\xbc\x9f'
2019-03-12 16:10:05,212 baseView.py[line:48] INFO b'Click element by accessibility id: \xe6\x82\xa8\xe8\xa6\x81\xe5\x8e\xbb\xe5\x93\xaa\xef\xbc\x9f'
2019-03-12 16:10:07,810 baseView.py[line:23] INFO b'Find element by accessibility id: \xe5\x8a\xa0\xe6\xb2\xb9\xe7\xab\x99'
2019-03-12 16:10:09,222 baseView.py[line:48] INFO b'Click element by accessibility id: \xe5\x8a\xa0\xe6\xb2\xb9\xe7\xab\x99'
2019-03-12 16:10:15,717 baseView.py[line:23] INFO b'Find element by accessibility id: GeneralIconDrawer'
2019-03-12 16:10:24,075 baseView.py[line:36] INFO b"Find elements by -ios predicate string: name=='Destination Index'"
2019-03-12 16:10:25,014 baseView.py[line:36] INFO b"Find elements by -ios predicate string: name=='Destination Index'"
2019-03-12 16:10:33,097 baseView.py[line:36] INFO b"Find elements by -ios predicate string: name=='Destination Index'"
2019-03-12 16:10:45,627 bwm_caps.py[line:34] INFO Start APP.
2019-03-12 16:10:52,980 baseView.py[line:23] INFO b'Find element by accessibility id: 1'
2019-03-12 16:10:54,402 baseView.py[line:48] INFO b'Click element by accessibility id: 1'
2019-03-12 16:10:56,622 baseView.py[line:23] INFO b'Find element by accessibility id: 2'
2019-03-12 16:10:58,138 baseView.py[line:48] INFO b'Click element by accessibility id: 2'
2019-03-12 16:11:00,627 baseView.py[line:23] INFO b'Find element by accessibility id: 3'
2019-03-12 16:11:02,225 baseView.py[line:48] INFO b'Click element by accessibility id: 3'
2019-03-12 16:11:03,862 baseView.py[line:23] INFO b'Find element by accessibility id: 4'
2019-03-12 16:11:04,163 baseView.py[line:48] INFO b'Click element by accessibility id: 4'
2019-03-12 16:11:05,717 baseView.py[line:23] INFO b'Find element by accessibility id: \xe6\x9b\xb4\xe5\xa4\x9a'
2019-03-12 16:11:10,279 baseView.py[line:48] INFO b'Click element by accessibility id: \xe6\x9b\xb4\xe5\xa4\x9a'
2019-03-19 14:23:41,777 bwm_caps.py[line:34] INFO Start APP.
2019-03-19 14:23:51,859 baseView.py[line:23] INFO b'Find element by accessibility id: 1'
2019-03-19 14:23:52,137 baseView.py[line:48] INFO b'Click element by accessibility id: 1'
2019-03-19 14:23:53,662 baseView.py[line:23] INFO b'Find element by accessibility id: 2'
2019-03-19 14:23:53,906 baseView.py[line:48] INFO b'Click element by accessibility id: 2'
2019-03-19 14:23:55,548 baseView.py[line:23] INFO b'Find element by accessibility id: 3'
2019-03-19 14:23:55,834 baseView.py[line:48] INFO b'Click element by accessibility id: 3'
2019-03-19 14:23:57,438 baseView.py[line:23] INFO b'Find element by accessibility id: 4'
2019-03-19 14:23:57,625 baseView.py[line:48] INFO b'Click element by accessibility id: 4'
2019-03-19 14:23:59,271 baseView.py[line:23] INFO b'Find element by accessibility id: \xe6\x9c\x8d\xe5\x8a\xa1'
2019-03-19 14:24:04,488 baseView.py[line:48] INFO b'Click element by accessibility id: \xe6\x9c\x8d\xe5\x8a\xa1'
2019-03-19 14:24:07,167 baseView.py[line:23] INFO b'Find element by accessibility id: \xe5\x8a\xa0\xe6\xb2\xb9\xe5\x8d\xa1\xe4\xbb\xa3\xe5\x85\x85\xe5\x80\xbc'
2019-03-19 14:25:30,948 bwm_caps.py[line:34] INFO Start APP.
2019-03-19 14:25:38,576 baseView.py[line:23] INFO b'Find element by accessibility id: 1'
2019-03-19 14:25:38,859 baseView.py[line:48] INFO b'Click element by accessibility id: 1'
2019-03-19 14:25:40,355 baseView.py[line:23] INFO b'Find element by accessibility id: 2'
2019-03-19 14:25:40,539 baseView.py[line:48] INFO b'Click element by accessibility id: 2'
2019-03-19 14:25:41,859 baseView.py[line:23] INFO b'Find element by accessibility id: 3'
2019-03-19 14:25:42,057 baseView.py[line:48] INFO b'Click element by accessibility id: 3'
2019-03-19 14:25:43,585 baseView.py[line:23] INFO b'Find element by accessibility id: 4'
2019-03-19 14:25:43,793 baseView.py[line:48] INFO b'Click element by accessibility id: 4'
2019-03-19 14:25:45,255 baseView.py[line:23] INFO b'Find element by accessibility id: \xe6\x9c\x8d\xe5\x8a\xa1'
2019-03-19 14:25:50,458 baseView.py[line:48] INFO b'Click element by accessibility id: \xe6\x9c\x8d\xe5\x8a\xa1'
2019-03-19 14:25:53,062 baseView.py[line:23] INFO b'Find element by accessibility id: \xe5\x8a\xa0\xe6\xb2\xb9\xe5\x8d\xa1\xe4\xbb\xa3\xe5\x85\x85\xe5\x80\xbc'
2019-03-19 14:35:11,294 bwm_caps.py[line:34] INFO Start APP.
2019-03-19 14:35:18,975 baseView.py[line:23] INFO b'Find element by accessibility id: 1'
2019-03-19 14:35:19,226 baseView.py[line:48] INFO b'Click element by accessibility id: 1'
2019-03-19 14:35:20,518 baseView.py[line:23] INFO b'Find element by accessibility id: 2'
2019-03-19 14:35:20,766 baseView.py[line:48] INFO b'Click element by accessibility id: 2'
2019-03-19 14:35:22,386 baseView.py[line:23] INFO b'Find element by accessibility id: 3'
2019-03-19 14:35:22,603 baseView.py[line:48] INFO b'Click element by accessibility id: 3'
2019-03-19 14:35:23,925 baseView.py[line:23] INFO b'Find element by accessibility id: 4'
2019-03-19 14:35:24,149 baseView.py[line:48] INFO b'Click element by accessibility id: 4'
2019-03-19 14:35:25,442 baseView.py[line:23] INFO b'Find element by accessibility id: \xe6\x9c\x8d\xe5\x8a\xa1'
2019-03-19 14:35:27,900 baseView.py[line:48] INFO b'Click element by accessibility id: \xe6\x9c\x8d\xe5\x8a\xa1'
2019-03-19 14:35:29,354 baseView.py[line:23] INFO b'Find element by accessibility id: \xe5\x8a\xa0\xe6\xb2\xb9\xe5\x8d\xa1\xe4\xbb\xa3\xe5\x85\x85\xe5\x80\xbc'
2019-03-19 14:36:59,568 bwm_caps.py[line:34] INFO Start APP.
2019-03-19 14:37:05,544 baseView.py[line:23] INFO b'Find element by accessibility id: 1'
2019-03-19 14:37:15,829 baseView.py[line:32] ERROR Time out to find element: 1
2019-03-19 14:37:18,416 bwm_caps.py[line:34] INFO Start APP.
2019-03-19 14:37:25,033 baseView.py[line:23] INFO b'Find element by accessibility id: 1'
2019-03-19 14:37:25,362 baseView.py[line:48] INFO b'Click element by accessibility id: 1'
2019-03-19 14:37:26,761 baseView.py[line:23] INFO b'Find element by accessibility id: 2'
2019-03-19 14:37:27,031 baseView.py[line:48] INFO b'Click element by accessibility id: 2'
2019-03-19 14:37:28,408 baseView.py[line:23] INFO b'Find element by accessibility id: 3'
2019-03-19 14:37:29,086 baseView.py[line:48] INFO b'Click element by accessibility id: 3'
2019-03-19 14:37:30,689 baseView.py[line:23] INFO b'Find element by accessibility id: 4'
2019-03-19 14:37:30,914 baseView.py[line:48] INFO b'Click element by accessibility id: 4'
2019-03-19 14:37:51,750 baseView.py[line:23] INFO b'Find element by accessibility id: \xe7\x9b\xae\xe7\x9a\x84\xe5\x9c\xb0'
2019-03-19 14:37:51,991 baseView.py[line:48] INFO b'Click element by accessibility id: \xe7\x9b\xae\xe7\x9a\x84\xe5\x9c\xb0'
2019-03-19 14:38:21,991 bwm_caps.py[line:34] INFO Start APP.
2019-03-19 14:38:29,552 baseView.py[line:23] INFO b'Find element by accessibility id: 1'
2019-03-19 14:38:29,962 baseView.py[line:48] INFO b'Click element by accessibility id: 1'
2019-03-19 14:38:31,266 baseView.py[line:23] INFO b'Find element by accessibility id: 2'
2019-03-19 14:38:31,907 baseView.py[line:48] INFO b'Click element by accessibility id: 2'
2019-03-19 14:38:33,643 baseView.py[line:23] INFO b'Find element by accessibility id: 3'
2019-03-19 14:38:33,904 baseView.py[line:48] INFO b'Click element by accessibility id: 3'
2019-03-19 14:38:35,193 baseView.py[line:23] INFO b'Find element by accessibility id: 4'
2019-03-19 14:38:35,400 baseView.py[line:48] INFO b'Click element by accessibility id: 4'
2019-03-19 14:38:36,649 baseView.py[line:23] INFO b'Find element by accessibility id: \xe6\x9c\x8d\xe5\x8a\xa1'
2019-03-19 14:38:39,093 baseView.py[line:48] INFO b'Click element by accessibility id: \xe6\x9c\x8d\xe5\x8a\xa1'
2019-03-19 14:48:11,963 bwm_caps.py[line:34] INFO Start APP.
2019-03-19 14:48:20,954 baseView.py[line:23] INFO b'Find element by accessibility id: 1'
2019-03-19 14:48:21,798 baseView.py[line:48] INFO b'Click element by accessibility id: 1'
2019-03-19 14:48:23,756 baseView.py[line:23] INFO b'Find element by accessibility id: 2'
2019-03-19 14:48:24,710 baseView.py[line:48] INFO b'Click element by accessibility id: 2'
2019-03-19 14:48:26,427 baseView.py[line:23] INFO b'Find element by accessibility id: 3'
2019-03-19 14:48:26,659 baseView.py[line:48] INFO b'Click element by accessibility id: 3'
2019-03-19 14:48:27,967 baseView.py[line:23] INFO b'Find element by accessibility id: 4'
2019-03-19 14:48:28,225 baseView.py[line:48] INFO b'Click element by accessibility id: 4'
2019-03-19 14:48:29,778 baseView.py[line:23] INFO b'Find element by accessibility id: \xe7\x9b\xae\xe7\x9a\x84\xe5\x9c\xb0'
2019-03-19 14:48:32,371 baseView.py[line:48] INFO b'Click element by accessibility id: \xe7\x9b\xae\xe7\x9a\x84\xe5\x9c\xb0'
2019-03-19 14:48:33,789 baseView.py[line:23] INFO b'Find element by accessibility id: \xe6\x82\xa8\xe8\xa6\x81\xe5\x8e\xbb\xe5\x93\xaa\xef\xbc\x9f'
2019-03-19 14:48:36,103 baseView.py[line:48] INFO b'Click element by accessibility id: \xe6\x82\xa8\xe8\xa6\x81\xe5\x8e\xbb\xe5\x93\xaa\xef\xbc\x9f'
2019-03-19 14:48:38,935 baseView.py[line:23] INFO b'Find element by accessibility id: \xe5\x8a\xa0\xe6\xb2\xb9\xe7\xab\x99'
2019-03-19 14:48:40,376 baseView.py[line:48] INFO b'Click element by accessibility id: \xe5\x8a\xa0\xe6\xb2\xb9\xe7\xab\x99'
2019-03-19 14:48:46,547 baseView.py[line:23] INFO b'Find element by accessibility id: GeneralIconDrawer'
2019-03-19 14:48:55,201 baseView.py[line:36] INFO b"Find elements by -ios predicate string: name=='Destination Index'"
2019-03-19 14:48:56,101 baseView.py[line:36] INFO b"Find elements by -ios predicate string: name=='Destination Index'"
2019-03-19 14:49:02,604 baseView.py[line:23] INFO b'Find element by accessibility id: Start Trip Button'
2019-03-19 14:49:04,813 baseView.py[line:48] INFO b'Click element by accessibility id: Start Trip Button'
2019-03-19 14:49:07,083 baseView.py[line:23] INFO b'Find element by accessibility id: \xe6\xb4\xbb\xe5\x8a\xa8'
2019-03-19 14:49:08,226 baseView.py[line:48] INFO b'Click element by accessibility id: \xe6\xb4\xbb\xe5\x8a\xa8'
2019-03-19 14:49:12,589 baseView.py[line:23] INFO b'Find element by accessibility id: Connect to USB Prompt'
2019-03-19 14:49:14,641 baseView.py[line:23] INFO b'Find element by accessibility id: Toggle Trip Button'
2019-03-19 14:49:14,978 baseView.py[line:48] INFO b'Click element by accessibility id: Toggle Trip Button'
2019-03-19 14:49:19,129 bwm_caps.py[line:34] INFO Start APP.
2019-03-19 14:49:25,729 baseView.py[line:23] INFO b'Find element by accessibility id: 1'
2019-03-19 14:49:26,301 baseView.py[line:48] INFO b'Click element by accessibility id: 1'
2019-03-19 14:49:28,250 baseView.py[line:23] INFO b'Find element by accessibility id: 2'
2019-03-19 14:49:29,261 baseView.py[line:48] INFO b'Click element by accessibility id: 2'
2019-03-19 14:49:31,280 baseView.py[line:23] INFO b'Find element by accessibility id: 3'
2019-03-19 14:49:32,435 baseView.py[line:48] INFO b'Click element by accessibility id: 3'
2019-03-19 14:49:34,344 baseView.py[line:23] INFO b'Find element by accessibility id: 4'
2019-03-19 14:49:35,198 baseView.py[line:48] INFO b'Click element by accessibility id: 4'
2019-03-19 14:49:36,609 baseView.py[line:23] INFO b'Find element by accessibility id: \xe6\x9b\xb4\xe5\xa4\x9a'
2019-03-19 14:49:38,950 baseView.py[line:48] INFO b'Click element by accessibility id: \xe6\x9b\xb4\xe5\xa4\x9a'
2019-03-20 18:53:36,198 bwm_caps.py[line:34] INFO Start APP.
2019-03-20 18:54:22,368 bwm_caps.py[line:34] INFO Start APP.
2019-03-20 18:54:40,906 baseView.py[line:23] INFO b'Find element by accessibility id: 1'
2019-03-20 18:54:41,072 baseView.py[line:48] INFO b'Click element by accessibility id: 1'
2019-03-20 18:54:42,297 baseView.py[line:23] INFO b'Find element by accessibility id: 2'
2019-03-20 18:54:42,490 baseView.py[line:48] INFO b'Click element by accessibility id: 2'
2019-03-20 18:54:43,652 baseView.py[line:23] INFO b'Find element by accessibility id: 3'
2019-03-20 18:54:43,828 baseView.py[line:48] INFO b'Click element by accessibility id: 3'
2019-03-20 18:54:44,973 baseView.py[line:23] INFO b'Find element by accessibility id: 4'
2019-03-20 18:54:45,181 baseView.py[line:48] INFO b'Click element by accessibility id: 4'
2019-03-20 18:54:46,383 baseView.py[line:23] INFO b'Find element by accessibility id: \xe7\x9b\xae\xe7\x9a\x84\xe5\x9c\xb0'
2019-03-20 18:54:49,040 baseView.py[line:48] INFO b'Click element by accessibility id: \xe7\x9b\xae\xe7\x9a\x84\xe5\x9c\xb0'
2019-03-20 18:54:50,282 baseView.py[line:23] INFO b'Find element by accessibility id: \xe6\x82\xa8\xe8\xa6\x81\xe5\x8e\xbb\xe5\x93\xaa\xef\xbc\x9f'
2019-03-20 18:54:52,925 baseView.py[line:48] INFO b'Click element by accessibility id: \xe6\x82\xa8\xe8\xa6\x81\xe5\x8e\xbb\xe5\x93\xaa\xef\xbc\x9f'
2019-03-20 18:54:55,485 baseView.py[line:23] INFO b'Find element by accessibility id: \xe5\x8a\xa0\xe6\xb2\xb9\xe7\xab\x99'
2019-03-20 18:54:57,065 baseView.py[line:48] INFO b'Click element by accessibility id: \xe5\x8a\xa0\xe6\xb2\xb9\xe7\xab\x99'
2019-03-20 18:55:03,350 baseView.py[line:23] INFO b'Find element by accessibility id: GeneralIconDrawer'
2019-03-20 18:55:11,160 baseView.py[line:36] INFO b"Find elements by -ios predicate string: name=='Destination Index'"
2019-03-20 18:55:12,022 baseView.py[line:36] INFO b"Find elements by -ios predicate string: name=='Destination Index'"
2019-03-20 18:55:18,248 baseView.py[line:23] INFO b'Find element by accessibility id: Start Trip Button'
2019-03-20 18:55:20,206 baseView.py[line:48] INFO b'Click element by accessibility id: Start Trip Button'
2019-03-20 18:55:22,149 baseView.py[line:23] INFO b'Find element by accessibility id: \xe6\xb4\xbb\xe5\x8a\xa8'
2019-03-20 18:55:22,610 baseView.py[line:48] INFO b'Click element by accessibility id: \xe6\xb4\xbb\xe5\x8a\xa8'
2019-03-20 18:55:24,629 baseView.py[line:23] INFO b'Find element by accessibility id: Connect to USB Prompt'
2019-03-20 18:55:26,243 baseView.py[line:23] INFO b'Find element by accessibility id: Toggle Trip Button'
2019-03-20 18:55:26,499 baseView.py[line:48] INFO b'Click element by accessibility id: Toggle Trip Button'
2019-03-20 18:55:29,522 bwm_caps.py[line:34] INFO Start APP.
2019-03-20 18:55:36,576 baseView.py[line:23] INFO b'Find element by accessibility id: 1'
2019-03-20 18:55:36,727 baseView.py[line:48] INFO b'Click element by accessibility id: 1'
2019-03-20 18:55:37,943 baseView.py[line:23] INFO b'Find element by accessibility id: 2'
2019-03-20 18:55:38,152 baseView.py[line:48] INFO b'Click element by accessibility id: 2'
2019-03-20 18:55:39,322 baseView.py[line:23] INFO b'Find element by accessibility id: 3'
2019-03-20 18:55:39,494 baseView.py[line:48] INFO b'Click element by accessibility id: 3'
2019-03-20 18:55:40,681 baseView.py[line:23] INFO b'Find element by accessibility id: 4'
2019-03-20 18:55:40,864 baseView.py[line:48] INFO b'Click element by accessibility id: 4'
2019-03-20 18:55:42,043 baseView.py[line:23] INFO b'Find element by accessibility id: \xe6\x9b\xb4\xe5\xa4\x9a'
2019-03-20 18:55:44,399 baseView.py[line:48] INFO b'Click element by accessibility id: \xe6\x9b\xb4\xe5\xa4\x9a'
2019-03-20 19:23:45,192 bwm_caps.py[line:34] INFO Start APP.
2019-03-20 19:23:52,566 baseView.py[line:23] INFO b'Find element by accessibility id: 1'
2019-03-20 19:23:52,737 baseView.py[line:48] INFO b'Click element by accessibility id: 1'
2019-03-20 19:23:54,012 baseView.py[line:23] INFO b'Find element by accessibility id: 2'
2019-03-20 19:23:54,233 baseView.py[line:48] INFO b'Click element by accessibility id: 2'
2019-03-20 19:23:55,633 baseView.py[line:23] INFO b'Find element by accessibility id: 3'
2019-03-20 19:23:55,836 baseView.py[line:48] INFO b'Click element by accessibility id: 3'
2019-03-20 19:23:57,217 baseView.py[line:23] INFO b'Find element by accessibility id: 4'
2019-03-20 19:23:57,400 baseView.py[line:48] INFO b'Click element by accessibility id: 4'
2019-03-20 19:23:58,602 baseView.py[line:23] INFO b'Find element by accessibility id: \xe7\x9b\xae\xe7\x9a\x84\xe5\x9c\xb0'
2019-03-20 19:24:01,283 baseView.py[line:48] INFO b'Click element by accessibility id: \xe7\x9b\xae\xe7\x9a\x84\xe5\x9c\xb0'
2019-03-20 19:24:02,638 baseView.py[line:23] INFO b'Find element by accessibility id: \xe6\x82\xa8\xe8\xa6\x81\xe5\x8e\xbb\xe5\x93\xaa\xef\xbc\x9f'
2019-03-20 19:24:04,986 baseView.py[line:48] INFO b'Click element by accessibility id: \xe6\x82\xa8\xe8\xa6\x81\xe5\x8e\xbb\xe5\x93\xaa\xef\xbc\x9f'
2019-03-20 19:24:07,769 baseView.py[line:23] INFO b'Find element by accessibility id: \xe5\x8a\xa0\xe6\xb2\xb9\xe7\xab\x99'
2019-03-20 19:24:09,377 baseView.py[line:48] INFO b'Click element by accessibility id: \xe5\x8a\xa0\xe6\xb2\xb9\xe7\xab\x99'
2019-03-20 19:24:15,408 baseView.py[line:23] INFO b'Find element by accessibility id: GeneralIconDrawer'
2019-03-20 19:24:23,245 baseView.py[line:36] INFO b"Find elements by -ios predicate string: name=='Destination Index'"
2019-03-20 19:24:24,127 baseView.py[line:36] INFO b"Find elements by -ios predicate string: name=='Destination Index'"
2019-03-20 19:24:30,168 baseView.py[line:23] INFO b'Find element by accessibility id: Start Trip Button'
2019-03-20 19:24:32,224 baseView.py[line:48] INFO b'Click element by accessibility id: Start Trip Button'
2019-03-20 19:24:34,341 baseView.py[line:23] INFO b'Find element by accessibility id: \xe6\xb4\xbb\xe5\x8a\xa8'
2019-03-20 19:24:34,803 baseView.py[line:48] INFO b'Click element by accessibility id: \xe6\xb4\xbb\xe5\x8a\xa8'
2019-03-20 19:24:36,599 baseView.py[line:23] INFO b'Find element by accessibility id: Connect to USB Prompt'
2019-03-20 19:24:38,573 baseView.py[line:23] INFO b'Find element by accessibility id: Toggle Trip Button'
2019-03-20 19:24:38,860 baseView.py[line:48] INFO b'Click element by accessibility id: Toggle Trip Button'
2019-03-20 19:24:42,099 bwm_caps.py[line:34] INFO Start APP.
2019-03-20 19:24:50,105 baseView.py[line:23] INFO b'Find element by accessibility id: 1'
2019-03-20 19:24:50,287 baseView.py[line:48] INFO b'Click element by accessibility id: 1'
2019-03-20 19:24:51,514 baseView.py[line:23] INFO b'Find element by accessibility id: 2'
2019-03-20 19:24:51,681 baseView.py[line:48] INFO b'Click element by accessibility id: 2'
2019-03-20 19:24:52,856 baseView.py[line:23] INFO b'Find element by accessibility id: 3'
2019-03-20 19:24:53,030 baseView.py[line:48] INFO b'Click element by accessibility id: 3'
2019-03-20 19:24:54,214 baseView.py[line:23] INFO b'Find element by accessibility id: 4'
2019-03-20 19:24:54,416 baseView.py[line:48] INFO b'Click element by accessibility id: 4'
2019-03-20 19:24:55,705 baseView.py[line:23] INFO b'Find element by accessibility id: \xe6\x9b\xb4\xe5\xa4\x9a'
2019-03-20 19:24:58,010 baseView.py[line:48] INFO b'Click element by accessibility id: \xe6\x9b\xb4\xe5\xa4\x9a'
2019-03-20 19:42:50,926 bwm_caps.py[line:34] INFO Start APP.
2019-03-20 19:43:00,145 baseView.py[line:23] INFO b'Find element by accessibility id: 1'
2019-03-20 19:43:00,344 baseView.py[line:48] INFO b'Click element by accessibility id: 1'
2019-03-20 19:43:01,573 baseView.py[line:23] INFO b'Find element by accessibility id: 2'
2019-03-20 19:43:01,752 baseView.py[line:48] INFO b'Click element by accessibility id: 2'
2019-03-20 19:43:02,990 baseView.py[line:23] INFO b'Find element by accessibility id: 3'
2019-03-20 19:43:03,177 baseView.py[line:48] INFO b'Click element by accessibility id: 3'
2019-03-20 19:43:04,354 baseView.py[line:23] INFO b'Find element by accessibility id: 4'
2019-03-20 19:43:04,536 baseView.py[line:48] INFO b'Click element by accessibility id: 4'
2019-03-20 19:43:05,696 baseView.py[line:23] INFO b'Find element by accessibility id: \xe7\x9b\xae\xe7\x9a\x84\xe5\x9c\xb0'
2019-03-21 13:32:37,327 bwm_caps.py[line:34] INFO Start APP.
2019-03-21 13:33:01,691 bwm_caps.py[line:34] INFO Start APP.
2019-03-21 13:33:52,988 bwm_caps.py[line:34] INFO Start APP.
2019-03-21 13:34:11,865 bwm_caps.py[line:34] INFO Start APP.
2019-03-21 13:35:03,667 bwm_caps.py[line:34] INFO Start APP.
2019-04-01 17:34:02,399 bwm_caps.py[line:34] INFO Start APP.
2019-04-01 17:34:02,623 bwm_caps.py[line:34] INFO Start APP.
2019-04-01 17:54:08,304 bwm_caps.py[line:34] INFO Start APP.
2019-04-01 17:54:08,578 bwm_caps.py[line:34] INFO Start APP.
2019-04-01 17:58:47,320 bwm_caps.py[line:34] INFO Start APP.
2019-04-01 17:58:57,065 bwm_caps.py[line:34] INFO Start APP.
2019-04-01 17:58:57,313 bwm_caps.py[line:34] INFO Start APP.
2019-06-17 22:09:04,011 bwm_caps.py[line:33] INFO Start APP.
2019-06-17 22:17:54,524 bwm_caps.py[line:33] INFO Start APP.
2019-06-17 22:18:11,441 bwm_caps.py[line:33] INFO Start APP.
2019-06-17 22:18:34,271 bwm_caps.py[line:33] INFO Start APP.
2019-06-17 22:20:04,496 bwm_caps.py[line:33] INFO Start APP.
2019-06-17 22:26:47,682 bwm_caps.py[line:33] INFO Start APP.
2019-06-17 22:27:05,313 bwm_caps.py[line:33] INFO Start APP.
2019-06-18 13:51:01,146 bwm_caps.py[line:33] INFO Start APP.
2019-06-18 14:00:29,529 bwm_caps.py[line:33] INFO Start APP.
2019-06-18 14:01:15,049 bwm_caps.py[line:33] INFO Start APP.
2019-06-18 15:07:49,400 bwm_caps.py[line:33] INFO Start APP.
2019-06-18 15:08:46,717 bwm_caps.py[line:33] INFO Start APP.
2019-06-18 15:09:00,192 baseView.py[line:23] INFO b'Find element by accessibility id: 1'
2019-06-18 15:09:11,614 baseView.py[line:48] INFO b'Click element by accessibility id: 1'
2019-06-18 15:09:58,346 bwm_caps.py[line:33] INFO Start APP.
2019-06-18 15:10:06,383 baseView.py[line:23] INFO b'Find element by accessibility id: 1'
2019-06-18 15:10:06,766 baseView.py[line:48] INFO b'Click element by accessibility id: 1'
2019-06-18 15:10:07,494 baseView.py[line:23] INFO b'Find element by accessibility id: 2'
2019-06-18 15:10:07,899 baseView.py[line:48] INFO b'Click element by accessibility id: 2'
2019-06-18 15:10:08,575 baseView.py[line:23] INFO b'Find element by accessibility id: 3'
2019-06-18 15:10:08,974 baseView.py[line:48] INFO b'Click element by accessibility id: 3'
2019-06-18 15:10:09,817 baseView.py[line:23] INFO b'Find element by accessibility id: 4'
2019-06-18 15:10:10,229 baseView.py[line:48] INFO b'Click element by accessibility id: 4'
2019-06-18 15:10:11,030 baseView.py[line:23] INFO b'Find element by accessibility id: \xe7\x9b\xae\xe7\x9a\x84\xe5\x9c\xb0'
2019-06-18 15:10:12,516 baseView.py[line:48] INFO b'Click element by accessibility id: \xe7\x9b\xae\xe7\x9a\x84\xe5\x9c\xb0'
2019-06-18 15:10:13,276 baseView.py[line:23] INFO b'Find element by accessibility id: \xe6\x82\xa8\xe8\xa6\x81\xe5\x8e\xbb\xe5\x93\xaa\xef\xbc\x9f'
2019-06-18 15:10:16,136 baseView.py[line:48] INFO b'Click element by accessibility id: \xe6\x82\xa8\xe8\xa6\x81\xe5\x8e\xbb\xe5\x93\xaa\xef\xbc\x9f'
2019-06-18 15:10:17,414 baseView.py[line:23] INFO b'Find element by accessibility id: \xe5\x8a\xa0\xe6\xb2\xb9\xe7\xab\x99'
2019-06-18 15:10:19,248 baseView.py[line:48] INFO b'Click element by accessibility id: \xe5\x8a\xa0\xe6\xb2\xb9\xe7\xab\x99'
2019-06-18 15:10:22,893 baseView.py[line:23] INFO b'Find element by accessibility id: GeneralIconDrawer'
2019-06-18 15:10:27,918 baseView.py[line:36] INFO b"Find elements by -ios predicate string: name=='Destination Index'"
2019-06-18 15:19:39,140 bwm_caps.py[line:33] INFO Start APP.
2019-06-18 15:19:49,184 baseView.py[line:23] INFO b'Find element by accessibility id: 1'
2019-06-18 15:19:49,643 baseView.py[line:48] INFO b'Click element by accessibility id: 1'
2019-06-18 15:19:50,469 baseView.py[line:23] INFO b'Find element by accessibility id: 2'
2019-06-18 15:19:50,900 baseView.py[line:48] INFO b'Click element by accessibility id: 2'
2019-06-18 15:19:51,668 baseView.py[line:23] INFO b'Find element by accessibility id: 3'
2019-06-18 15:19:52,080 baseView.py[line:48] INFO b'Click element by accessibility id: 3'
2019-06-18 15:19:52,768 baseView.py[line:23] INFO b'Find element by accessibility id: 4'
2019-06-18 15:19:53,254 baseView.py[line:48] INFO b'Click element by accessibility id: 4'
2019-06-18 15:19:53,990 baseView.py[line:23] INFO b'Find element by accessibility id: \xe7\x9b\xae\xe7\x9a\x84\xe5\x9c\xb0'
2019-06-18 15:19:55,717 baseView.py[line:48] INFO b'Click element by accessibility id: \xe7\x9b\xae\xe7\x9a\x84\xe5\x9c\xb0'
2019-06-18 15:19:56,592 baseView.py[line:23] INFO b'Find element by accessibility id: \xe6\x82\xa8\xe8\xa6\x81\xe5\x8e\xbb\xe5\x93\xaa\xef\xbc\x9f'
2019-06-18 15:19:59,323 baseView.py[line:48] INFO b'Click element by accessibility id: \xe6\x82\xa8\xe8\xa6\x81\xe5\x8e\xbb\xe5\x93\xaa\xef\xbc\x9f'
2019-06-18 15:20:00,235 baseView.py[line:23] INFO b'Find element by accessibility id: \xe5\x8a\xa0\xe6\xb2\xb9\xe7\xab\x99'
2019-06-18 15:20:01,970 baseView.py[line:48] INFO b'Click element by accessibility id: \xe5\x8a\xa0\xe6\xb2\xb9\xe7\xab\x99'
2019-06-18 15:20:05,595 baseView.py[line:23] INFO b'Find element by accessibility id: GeneralIconDrawer'
2019-06-18 15:20:14,602 baseView.py[line:36] INFO b"Find elements by -ios predicate string: name=='Destination Index'"
2019-06-18 15:20:22,924 baseView.py[line:36] INFO b"Find elements by -ios predicate string: name=='Destination Index'"
2019-06-18 15:20:34,703 baseView.py[line:23] INFO b'Find element by accessibility id: Start Trip Button'
2019-06-18 15:21:04,879 baseView.py[line:32] ERROR Time out to find element: Start Trip Button
2019-06-18 15:28:07,229 bwm_caps.py[line:33] INFO Start APP.
2019-06-18 15:28:16,231 baseView.py[line:23] INFO b'Find element by accessibility id: 1'
2019-06-18 15:28:16,653 baseView.py[line:48] INFO b'Click element by accessibility id: 1'
2019-06-18 15:28:17,319 baseView.py[line:23] INFO b'Find element by accessibility id: 2'
2019-06-18 15:28:17,766 baseView.py[line:48] INFO b'Click element by accessibility id: 2'
2019-06-18 15:28:18,559 baseView.py[line:23] INFO b'Find element by accessibility id: 3'
2019-06-18 15:28:18,991 baseView.py[line:48] INFO b'Click element by accessibility id: 3'
2019-06-18 15:28:19,773 baseView.py[line:23] INFO b'Find element by accessibility id: 4'
2019-06-18 15:28:20,206 baseView.py[line:48] INFO b'Click element by accessibility id: 4'
2019-06-18 15:28:20,959 baseView.py[line:23] INFO b'Find element by accessibility id: \xe7\x9b\xae\xe7\x9a\x84\xe5\x9c\xb0'
2019-06-18 15:28:22,491 baseView.py[line:48] INFO b'Click element by accessibility id: \xe7\x9b\xae\xe7\x9a\x84\xe5\x9c\xb0'
2019-06-18 15:28:23,757 baseView.py[line:23] INFO b'Find element by accessibility id: \xe6\x82\xa8\xe8\xa6\x81\xe5\x8e\xbb\xe5\x93\xaa\xef\xbc\x9f'
2019-06-18 15:28:33,644 baseView.py[line:48] INFO b'Click element by accessibility id: \xe6\x82\xa8\xe8\xa6\x81\xe5\x8e\xbb\xe5\x93\xaa\xef\xbc\x9f'
2019-06-18 15:28:34,545 baseView.py[line:23] INFO b'Find element by accessibility id: \xe5\x8a\xa0\xe6\xb2\xb9\xe7\xab\x99'
2019-06-18 15:28:36,246 baseView.py[line:48] INFO b'Click element by accessibility id: \xe5\x8a\xa0\xe6\xb2\xb9\xe7\xab\x99'
2019-06-18 15:28:39,802 baseView.py[line:23] INFO b'Find element by accessibility id: GeneralIconDrawer'
2019-06-18 15:28:50,505 baseView.py[line:36] INFO b"Find elements by -ios predicate string: name=='Destination Index'"
2019-06-18 15:28:58,499 baseView.py[line:36] INFO b"Find elements by -ios predicate string: name=='Destination Index'"
2019-06-18 15:29:09,497 baseView.py[line:23] INFO b'Find element by accessibility id: \xe5\x9c\xa8\xe8\xbd\xa6\xe5\x86\x85\xe5\xbc\x80\xe5\xa7\x8b'
2019-06-18 15:29:12,896 baseView.py[line:48] INFO b'Click element by accessibility id: \xe5\x9c\xa8\xe8\xbd\xa6\xe5\x86\x85\xe5\xbc\x80\xe5\xa7\x8b'
2019-06-18 15:29:13,946 baseView.py[line:23] INFO b'Find element by accessibility id: \xe5\xa5\xbd'
2019-06-18 15:29:14,696 baseView.py[line:48] INFO b'Click element by accessibility id: \xe5\xa5\xbd'
2019-06-18 15:29:15,498 baseView.py[line:23] INFO b'Find element by accessibility id: \xe6\xb4\xbb\xe5\x8a\xa8'
2019-06-18 15:29:16,495 baseView.py[line:48] INFO b'Click element by accessibility id: \xe6\xb4\xbb\xe5\x8a\xa8'
2019-06-18 15:29:17,494 baseView.py[line:23] INFO b'Find element by accessibility id: \xe8\xbf\x9e\xe6\x8e\xa5\xe8\xbd\xa6\xe8\xbe\x86\xef\xbc\x8c\xe5\xbc\x80\xe5\xa7\x8b\xe5\xaf\xbc\xe8\x88\xaa\xe3\x80\x82'
2019-06-18 15:29:19,545 baseView.py[line:23] INFO b'Find element by accessibility id: Toggle Trip Button'
2019-06-18 15:29:20,195 baseView.py[line:48] INFO b'Click element by accessibility id: Toggle Trip Button'
2019-06-18 15:52:23,661 bwm_caps.py[line:33] INFO Start APP.
2019-06-18 15:52:33,929 baseView.py[line:27] INFO b'Find element by accessibility id: 1'
2019-06-18 15:52:34,304 baseView.py[line:52] INFO b'Click element by accessibility id: 1'
2019-06-18 15:52:34,945 baseView.py[line:27] INFO b'Find element by accessibility id: 2'
2019-06-18 15:52:35,345 baseView.py[line:52] INFO b'Click element by accessibility id: 2'
2019-06-18 15:52:36,120 baseView.py[line:27] INFO b'Find element by accessibility id: 3'
2019-06-18 15:52:36,496 baseView.py[line:52] INFO b'Click element by accessibility id: 3'
2019-06-18 15:52:37,146 baseView.py[line:27] INFO b'Find element by accessibility id: 4'
2019-06-18 15:52:37,522 baseView.py[line:52] INFO b'Click element by accessibility id: 4'
2019-06-18 15:52:38,164 baseView.py[line:27] INFO b'Find element by accessibility id: \xe7\x9b\xae\xe7\x9a\x84\xe5\x9c\xb0'
2019-06-18 15:52:39,598 baseView.py[line:52] INFO b'Click element by accessibility id: \xe7\x9b\xae\xe7\x9a\x84\xe5\x9c\xb0'
2019-06-18 15:52:40,324 baseView.py[line:27] INFO b'Find element by accessibility id: \xe6\x82\xa8\xe8\xa6\x81\xe5\x8e\xbb\xe5\x93\xaa\xef\xbc\x9f'
2019-06-18 15:52:42,697 baseView.py[line:52] INFO b'Click element by accessibility id: \xe6\x82\xa8\xe8\xa6\x81\xe5\x8e\xbb\xe5\x93\xaa\xef\xbc\x9f'
2019-06-18 15:52:43,746 baseView.py[line:27] INFO b'Find element by accessibility id: \xe5\x8a\xa0\xe6\xb2\xb9\xe7\xab\x99'
2019-06-18 15:52:45,458 baseView.py[line:52] INFO b'Click element by accessibility id: \xe5\x8a\xa0\xe6\xb2\xb9\xe7\xab\x99'
2019-06-18 15:52:49,149 baseView.py[line:27] INFO b'Find element by accessibility id: GeneralIconDrawer'
2019-06-18 15:52:57,600 baseView.py[line:40] INFO b"Find elements by -ios predicate string: name=='Destination Index'"
2019-06-18 15:53:05,405 baseView.py[line:40] INFO b"Find elements by -ios predicate string: name=='Destination Index'"
2019-06-18 15:53:16,016 baseView.py[line:27] INFO b'Find element by accessibility id: \xe5\x9c\xa8\xe8\xbd\xa6\xe5\x86\x85\xe5\xbc\x80\xe5\xa7\x8b'
2019-06-18 15:53:19,066 baseView.py[line:52] INFO b'Click element by accessibility id: \xe5\x9c\xa8\xe8\xbd\xa6\xe5\x86\x85\xe5\xbc\x80\xe5\xa7\x8b'
2019-06-18 15:53:20,162 baseView.py[line:27] INFO b'Find element by accessibility id: \xe5\xa5\xbd'
2019-06-18 15:53:20,827 baseView.py[line:52] INFO b'Click element by accessibility id: \xe5\xa5\xbd'
2019-06-18 15:53:21,512 baseView.py[line:27] INFO b'Find element by accessibility id: \xe6\xb4\xbb\xe5\x8a\xa8'
2019-06-18 15:53:22,466 baseView.py[line:52] INFO b'Click element by accessibility id: \xe6\xb4\xbb\xe5\x8a\xa8'
2019-06-18 15:53:23,713 baseView.py[line:27] INFO b'Find element by accessibility id: \xe8\xbf\x9e\xe6\x8e\xa5\xe8\xbd\xa6\xe8\xbe\x86\xef\xbc\x8c\xe5\xbc\x80\xe5\xa7\x8b\xe5\xaf\xbc\xe8\x88\xaa\xe3\x80\x82'
2019-06-18 15:53:25,467 baseView.py[line:27] INFO b'Find element by accessibility id: Toggle Trip Button'
2019-06-18 15:53:26,012 baseView.py[line:52] INFO b'Click element by accessibility id: Toggle Trip Button'
